Arguments: 
  /usr/local/bin/node /Users/suhyunsun/.yarn/bin/yarn.js start

PATH: 
  /Users/suhyunsun/.yarn/bin:/Users/suhyunsun/.config/yarn/global/node_modules/.bin:/opt/homebrew/bin:/opt/homebrew/sbin:/opt/homebrew/bin:/opt/homebrew/sbin:/opt/homebrew/bin:/opt/homebrew/sbin:/usr/local/bin:/usr/bin:/bin:/usr/sbin:/sbin:/Library/Apple/usr/bin:/Users/suhyunsun/.yarn/bin:/Users/suhyunsun/.config/yarn/global/node_modules/.bin:/opt/homebrew/bin:/opt/homebrew/sbin

Yarn version: 
  1.22.5

Node version: 
  14.15.4

Platform: 
  darwin x64

Trace: 
  SyntaxError: /Users/suhyunsun/dashboard/package.json: Unexpected token } in JSON at position 228
      at JSON.parse (<anonymous>)
      at /Users/suhyunsun/.yarn/lib/cli.js:1625:59
      at Generator.next (<anonymous>)
      at step (/Users/suhyunsun/.yarn/lib/cli.js:310:30)
      at /Users/suhyunsun/.yarn/lib/cli.js:321:13

npm manifest: 
  {
    "name": "dashboard",
    "version": "1.0.0",
    "description": "",
    "main": "index.js",
    "scripts": {
      "test": "echo \"Error: no test specified\" && exit 1",
      "start": "SKIP_PREFLIGHT_CHECK=true react-scripts start",
    },
    "author": "",
    "license": "ISC",
    "dependencies": {
      "react": "^17.0.2",
      "react-dom": "^17.0.2",
      "react-scripts": "^4.0.3",
      "webpack-cli": "^4.7.2"
    },
    "devDependencies": {
      "webpack": "^4.44.0"
    },
    "browserslist": {
      "production": [
        ">0.2%",
        "not dead",
        "not op_mini all"
      ],
      "development": [
        "last 1 chrome version",
        "last 1 firefox version",
        "last 1 safari version"
      ]
    }
  }

yarn manifest: 
  No manifest

Lockfile: 
  No lockfile
